<?xml version="1.0" encoding="UTF-8" standalone="yes"?><!DOCTYPE report PUBLIC "-//JACOCO//DTD Report 1.1//EN" "report.dtd"><report name="Senior Java Test Template Project"><sessioninfo id="DESKTOP-1JR8IKF-d66470bf" start="1612728328699" dump="1612728352142"/><package name="com/cc/practicaltest/model"><class name="com/cc/practicaltest/model/CutomerDetail" sourcefilename="CutomerDetail.java"><method name="&lt;init&gt;" desc="()V" line="5"><counter type="INSTRUCTION" missed="0" covered="3"/><counter type="LINE" missed="0" covered="1"/><counter type="COMPLEXITY" missed="0" covered="1"/><counter type="METHOD" missed="0" covered="1"/></method><method name="getForename" desc="()Ljava/lang/String;" line="12"><counter type="INSTRUCTION" missed="0" covered="3"/><counter type="LINE" missed="0" covered="1"/><counter type="COMPLEXITY" missed="0" covered="1"/><counter type="METHOD" missed="0" covered="1"/></method><method name="setForename" desc="(Ljava/lang/String;)V" line="16"><counter type="INSTRUCTION" missed="0" covered="4"/><counter type="LINE" missed="0" covered="2"/><counter type="COMPLEXITY" missed="0" covered="1"/><counter type="METHOD" missed="0" covered="1"/></method><method name="getSurname" desc="()Ljava/lang/String;" line="20"><counter type="INSTRUCTION" missed="0" covered="3"/><counter type="LINE" missed="0" covered="1"/><counter type="COMPLEXITY" missed="0" covered="1"/><counter type="METHOD" missed="0" covered="1"/></method><method name="setSurname" desc="(Ljava/lang/String;)V" line="24"><counter type="INSTRUCTION" missed="0" covered="4"/><counter type="LINE" missed="0" covered="2"/><counter type="COMPLEXITY" missed="0" covered="1"/><counter type="METHOD" missed="0" covered="1"/></method><method name="getCustomer_no" desc="()I" line="28"><counter type="INSTRUCTION" missed="0" covered="3"/><counter type="LINE" missed="0" covered="1"/><counter type="COMPLEXITY" missed="0" covered="1"/><counter type="METHOD" missed="0" covered="1"/></method><method name="setCustomer_no" desc="(I)V" line="32"><counter type="INSTRUCTION" missed="0" covered="4"/><counter type="LINE" missed="0" covered="2"/><counter type="COMPLEXITY" missed="0" covered="1"/><counter type="METHOD" missed="0" covered="1"/></method><method name="getOrders" desc="()Ljava/util/List;" line="36"><counter type="INSTRUCTION" missed="0" covered="3"/><counter type="LINE" missed="0" covered="1"/><counter type="COMPLEXITY" missed="0" covered="1"/><counter type="METHOD" missed="0" covered="1"/></method><method name="setOrders" desc="(Ljava/util/List;)V" line="40"><counter type="INSTRUCTION" missed="0" covered="4"/><counter type="LINE" missed="0" covered="2"/><counter type="COMPLEXITY" missed="0" covered="1"/><counter type="METHOD" missed="0" covered="1"/></method><counter type="INSTRUCTION" missed="0" covered="31"/><counter type="LINE" missed="0" covered="13"/><counter type="COMPLEXITY" missed="0" covered="9"/><counter type="METHOD" missed="0" covered="9"/><counter type="CLASS" missed="0" covered="1"/></class><class name="com/cc/practicaltest/model/OrderDetails" sourcefilename="OrderDetails.java"><method name="&lt;init&gt;" desc="()V" line="3"><counter type="INSTRUCTION" missed="0" covered="3"/><counter type="LINE" missed="0" covered="1"/><counter type="COMPLEXITY" missed="0" covered="1"/><counter type="METHOD" missed="0" covered="1"/></method><method name="getOrder_no" desc="()I" line="26"><counter type="INSTRUCTION" missed="0" covered="3"/><counter type="LINE" missed="0" covered="1"/><counter type="COMPLEXITY" missed="0" covered="1"/><counter type="METHOD" missed="0" covered="1"/></method><method name="setOrder_no" desc="(I)V" line="29"><counter type="INSTRUCTION" missed="0" covered="4"/><counter type="LINE" missed="0" covered="2"/><counter type="COMPLEXITY" missed="0" covered="1"/><counter type="METHOD" missed="0" covered="1"/></method><method name="getEmployee_number" desc="()I" line="32"><counter type="INSTRUCTION" missed="0" covered="3"/><counter type="LINE" missed="0" covered="1"/><counter type="COMPLEXITY" missed="0" covered="1"/><counter type="METHOD" missed="0" covered="1"/></method><method name="setEmployee_number" desc="(I)V" line="35"><counter type="INSTRUCTION" missed="0" covered="4"/><counter type="LINE" missed="0" covered="2"/><counter type="COMPLEXITY" missed="0" covered="1"/><counter type="METHOD" missed="0" covered="1"/></method><method name="getSale_price" desc="()Ljava/lang/String;" line="38"><counter type="INSTRUCTION" missed="0" covered="3"/><counter type="LINE" missed="0" covered="1"/><counter type="COMPLEXITY" missed="0" covered="1"/><counter type="METHOD" missed="0" covered="1"/></method><method name="setSale_price" desc="(Ljava/lang/String;)V" line="41"><counter type="INSTRUCTION" missed="0" covered="4"/><counter type="LINE" missed="0" covered="2"/><counter type="COMPLEXITY" missed="0" covered="1"/><counter type="METHOD" missed="0" covered="1"/></method><method name="getOrder_date" desc="()Ljava/lang/String;" line="44"><counter type="INSTRUCTION" missed="0" covered="3"/><counter type="LINE" missed="0" covered="1"/><counter type="COMPLEXITY" missed="0" covered="1"/><counter type="METHOD" missed="0" covered="1"/></method><method name="setOrder_date" desc="(Ljava/lang/String;)V" line="47"><counter type="INSTRUCTION" missed="0" covered="4"/><counter type="LINE" missed="0" covered="2"/><counter type="COMPLEXITY" missed="0" covered="1"/><counter type="METHOD" missed="0" covered="1"/></method><method name="getDeposit" desc="()Ljava/lang/String;" line="51"><counter type="INSTRUCTION" missed="0" covered="3"/><counter type="LINE" missed="0" covered="1"/><counter type="COMPLEXITY" missed="0" covered="1"/><counter type="METHOD" missed="0" covered="1"/></method><method name="setDeposit" desc="(Ljava/lang/String;)V" line="54"><counter type="INSTRUCTION" missed="0" covered="4"/><counter type="LINE" missed="0" covered="2"/><counter type="COMPLEXITY" missed="0" covered="1"/><counter type="METHOD" missed="0" covered="1"/></method><method name="getVechile_no" desc="()J" line="57"><counter type="INSTRUCTION" missed="0" covered="3"/><counter type="LINE" missed="0" covered="1"/><counter type="COMPLEXITY" missed="0" covered="1"/><counter type="METHOD" missed="0" covered="1"/></method><method name="setVechile_no" desc="(J)V" line="60"><counter type="INSTRUCTION" missed="0" covered="4"/><counter type="LINE" missed="0" covered="2"/><counter type="COMPLEXITY" missed="0" covered="1"/><counter type="METHOD" missed="0" covered="1"/></method><method name="getModel_name" desc="()Ljava/lang/String;" line="63"><counter type="INSTRUCTION" missed="0" covered="3"/><counter type="LINE" missed="0" covered="1"/><counter type="COMPLEXITY" missed="0" covered="1"/><counter type="METHOD" missed="0" covered="1"/></method><method name="setModel_name" desc="(Ljava/lang/String;)V" line="66"><counter type="INSTRUCTION" missed="0" covered="4"/><counter type="LINE" missed="0" covered="2"/><counter type="COMPLEXITY" missed="0" covered="1"/><counter type="METHOD" missed="0" covered="1"/></method><method name="getTrim_name" desc="()Ljava/lang/String;" line="70"><counter type="INSTRUCTION" missed="0" covered="3"/><counter type="LINE" missed="0" covered="1"/><counter type="COMPLEXITY" missed="0" covered="1"/><counter type="METHOD" missed="0" covered="1"/></method><method name="setTrim_name" desc="(Ljava/lang/String;)V" line="73"><counter type="INSTRUCTION" missed="0" covered="4"/><counter type="LINE" missed="0" covered="2"/><counter type="COMPLEXITY" missed="0" covered="1"/><counter type="METHOD" missed="0" covered="1"/></method><method name="getTrim_WheelType" desc="()Ljava/lang/String;" line="76"><counter type="INSTRUCTION" missed="0" covered="3"/><counter type="LINE" missed="0" covered="1"/><counter type="COMPLEXITY" missed="0" covered="1"/><counter type="METHOD" missed="0" covered="1"/></method><method name="setTrim_WheelType" desc="(Ljava/lang/String;)V" line="79"><counter type="INSTRUCTION" missed="0" covered="4"/><counter type="LINE" missed="0" covered="2"/><counter type="COMPLEXITY" missed="0" covered="1"/><counter type="METHOD" missed="0" covered="1"/></method><method name="getExpected_delivery_type" desc="()Ljava/lang/String;" line="83"><counter type="INSTRUCTION" missed="0" covered="3"/><counter type="LINE" missed="0" covered="1"/><counter type="COMPLEXITY" missed="0" covered="1"/><counter type="METHOD" missed="0" covered="1"/></method><method name="setExpected_delivery_type" desc="(Ljava/lang/String;)V" line="86"><counter type="INSTRUCTION" missed="0" covered="4"/><counter type="LINE" missed="0" covered="2"/><counter type="COMPLEXITY" missed="0" covered="1"/><counter type="METHOD" missed="0" covered="1"/></method><method name="getActual_delivery_type" desc="()Ljava/lang/String;" line="89"><counter type="INSTRUCTION" missed="0" covered="3"/><counter type="LINE" missed="0" covered="1"/><counter type="COMPLEXITY" missed="0" covered="1"/><counter type="METHOD" missed="0" covered="1"/></method><method name="setActual_delivery_type" desc="(Ljava/lang/String;)V" line="92"><counter type="INSTRUCTION" missed="0" covered="4"/><counter type="LINE" missed="0" covered="2"/><counter type="COMPLEXITY" missed="0" covered="1"/><counter type="METHOD" missed="0" covered="1"/></method><method name="getHeadLight_type" desc="()Ljava/lang/String;" line="96"><counter type="INSTRUCTION" missed="0" covered="3"/><counter type="LINE" missed="0" covered="1"/><counter type="COMPLEXITY" missed="0" covered="1"/><counter type="METHOD" missed="0" covered="1"/></method><method name="setHeadLight_type" desc="(Ljava/lang/String;)V" line="99"><counter type="INSTRUCTION" missed="0" covered="4"/><counter type="LINE" missed="0" covered="2"/><counter type="COMPLEXITY" missed="0" covered="1"/><counter type="METHOD" missed="0" covered="1"/></method><method name="getEngine_model" desc="()Ljava/lang/String;" line="102"><counter type="INSTRUCTION" missed="0" covered="3"/><counter type="LINE" missed="0" covered="1"/><counter type="COMPLEXITY" missed="0" covered="1"/><counter type="METHOD" missed="0" covered="1"/></method><method name="setEngine_model" desc="(Ljava/lang/String;)V" line="105"><counter type="INSTRUCTION" missed="0" covered="4"/><counter type="LINE" missed="0" covered="2"/><counter type="COMPLEXITY" missed="0" covered="1"/><counter type="METHOD" missed="0" covered="1"/></method><method name="getEngine_capacity" desc="()Ljava/lang/String;" line="108"><counter type="INSTRUCTION" missed="0" covered="3"/><counter type="LINE" missed="0" covered="1"/><counter type="COMPLEXITY" missed="0" covered="1"/><counter type="METHOD" missed="0" covered="1"/></method><method name="setEngine_capacity" desc="(Ljava/lang/String;)V" line="111"><counter type="INSTRUCTION" missed="0" covered="4"/><counter type="LINE" missed="0" covered="2"/><counter type="COMPLEXITY" missed="0" covered="1"/><counter type="METHOD" missed="0" covered="1"/></method><method name="getVechile_fuelType" desc="()Ljava/lang/String;" line="114"><counter type="INSTRUCTION" missed="0" covered="3"/><counter type="LINE" missed="0" covered="1"/><counter type="COMPLEXITY" missed="0" covered="1"/><counter type="METHOD" missed="0" covered="1"/></method><method name="setVechile_fuelType" desc="(Ljava/lang/String;)V" line="117"><counter type="INSTRUCTION" missed="0" covered="4"/><counter type="LINE" missed="0" covered="2"/><counter type="COMPLEXITY" missed="0" covered="1"/><counter type="METHOD" missed="0" covered="1"/></method><method name="getVechileColour" desc="()Ljava/lang/String;" line="120"><counter type="INSTRUCTION" missed="0" covered="3"/><counter type="LINE" missed="0" covered="1"/><counter type="COMPLEXITY" missed="0" covered="1"/><counter type="METHOD" missed="0" covered="1"/></method><method name="setVechileColour" desc="(Ljava/lang/String;)V" line="123"><counter type="INSTRUCTION" missed="0" covered="4"/><counter type="LINE" missed="0" covered="2"/><counter type="COMPLEXITY" missed="0" covered="1"/><counter type="METHOD" missed="0" covered="1"/></method><method name="getInfoentainment_type" desc="()Ljava/lang/String;" line="126"><counter type="INSTRUCTION" missed="0" covered="3"/><counter type="LINE" missed="0" covered="1"/><counter type="COMPLEXITY" missed="0" covered="1"/><counter type="METHOD" missed="0" covered="1"/></method><method name="setInfoentainment_type" desc="(Ljava/lang/String;)V" line="129"><counter type="INSTRUCTION" missed="0" covered="4"/><counter type="LINE" missed="0" covered="2"/><counter type="COMPLEXITY" missed="0" covered="1"/><counter type="METHOD" missed="0" covered="1"/></method><method name="getUpholstery_type" desc="()Ljava/lang/String;" line="132"><counter type="INSTRUCTION" missed="0" covered="3"/><counter type="LINE" missed="0" covered="1"/><counter type="COMPLEXITY" missed="0" covered="1"/><counter type="METHOD" missed="0" covered="1"/></method><method name="setUpholstery_type" desc="(Ljava/lang/String;)V" line="135"><counter type="INSTRUCTION" missed="0" covered="4"/><counter type="LINE" missed="0" covered="2"/><counter type="COMPLEXITY" missed="0" covered="1"/><counter type="METHOD" missed="0" covered="1"/></method><counter type="INSTRUCTION" missed="0" covered="129"/><counter type="LINE" missed="0" covered="55"/><counter type="COMPLEXITY" missed="0" covered="37"/><counter type="METHOD" missed="0" covered="37"/><counter type="CLASS" missed="0" covered="1"/></class><class name="com/cc/practicaltest/model/TrimAddonDetails" sourcefilename="TrimAddonDetails.java"><method name="&lt;init&gt;" desc="()V" line="5"><counter type="INSTRUCTION" missed="0" covered="3"/><counter type="LINE" missed="0" covered="1"/><counter type="COMPLEXITY" missed="0" covered="1"/><counter type="METHOD" missed="0" covered="1"/></method><method name="getTrim_name" desc="()Ljava/lang/String;" line="15"><counter type="INSTRUCTION" missed="0" covered="3"/><counter type="LINE" missed="0" covered="1"/><counter type="COMPLEXITY" missed="0" covered="1"/><counter type="METHOD" missed="0" covered="1"/></method><method name="setTrim_name" desc="(Ljava/lang/String;)V" line="18"><counter type="INSTRUCTION" missed="0" covered="4"/><counter type="LINE" missed="0" covered="2"/><counter type="COMPLEXITY" missed="0" covered="1"/><counter type="METHOD" missed="0" covered="1"/></method><method name="getEffective_date" desc="()Ljava/sql/Date;" line="21"><counter type="INSTRUCTION" missed="0" covered="3"/><counter type="LINE" missed="0" covered="1"/><counter type="COMPLEXITY" missed="0" covered="1"/><counter type="METHOD" missed="0" covered="1"/></method><method name="setEffective_date" desc="(Ljava/sql/Date;)V" line="24"><counter type="INSTRUCTION" missed="0" covered="4"/><counter type="LINE" missed="0" covered="2"/><counter type="COMPLEXITY" missed="0" covered="1"/><counter type="METHOD" missed="0" covered="1"/></method><method name="getWheel_type" desc="()Ljava/lang/String;" line="27"><counter type="INSTRUCTION" missed="0" covered="3"/><counter type="LINE" missed="0" covered="1"/><counter type="COMPLEXITY" missed="0" covered="1"/><counter type="METHOD" missed="0" covered="1"/></method><method name="setWheel_type" desc="(Ljava/lang/String;)V" line="30"><counter type="INSTRUCTION" missed="0" covered="4"/><counter type="LINE" missed="0" covered="2"/><counter type="COMPLEXITY" missed="0" covered="1"/><counter type="METHOD" missed="0" covered="1"/></method><method name="getInfotainment_type" desc="()Ljava/lang/String;" line="33"><counter type="INSTRUCTION" missed="0" covered="3"/><counter type="LINE" missed="0" covered="1"/><counter type="COMPLEXITY" missed="0" covered="1"/><counter type="METHOD" missed="0" covered="1"/></method><method name="setInfotainment_type" desc="(Ljava/lang/String;)V" line="36"><counter type="INSTRUCTION" missed="0" covered="4"/><counter type="LINE" missed="0" covered="2"/><counter type="COMPLEXITY" missed="0" covered="1"/><counter type="METHOD" missed="0" covered="1"/></method><method name="getHeadlight_type" desc="()Ljava/lang/String;" line="39"><counter type="INSTRUCTION" missed="0" covered="3"/><counter type="LINE" missed="0" covered="1"/><counter type="COMPLEXITY" missed="0" covered="1"/><counter type="METHOD" missed="0" covered="1"/></method><method name="setHeadlight_type" desc="(Ljava/lang/String;)V" line="42"><counter type="INSTRUCTION" missed="0" covered="4"/><counter type="LINE" missed="0" covered="2"/><counter type="COMPLEXITY" missed="0" covered="1"/><counter type="METHOD" missed="0" covered="1"/></method><method name="getUpholstery_type" desc="()Ljava/lang/String;" line="45"><counter type="INSTRUCTION" missed="0" covered="3"/><counter type="LINE" missed="0" covered="1"/><counter type="COMPLEXITY" missed="0" covered="1"/><counter type="METHOD" missed="0" covered="1"/></method><method name="setUpholstery_type" desc="(Ljava/lang/String;)V" line="48"><counter type="INSTRUCTION" missed="0" covered="4"/><counter type="LINE" missed="0" covered="2"/><counter type="COMPLEXITY" missed="0" covered="1"/><counter type="METHOD" missed="0" covered="1"/></method><counter type="INSTRUCTION" missed="0" covered="45"/><counter type="LINE" missed="0" covered="19"/><counter type="COMPLEXITY" missed="0" covered="13"/><counter type="METHOD" missed="0" covered="13"/><counter type="CLASS" missed="0" covered="1"/></class><sourcefile name="CutomerDetail.java"><line nr="5" mi="0" ci="3" mb="0" cb="0"/><line nr="12" mi="0" ci="3" mb="0" cb="0"/><line nr="16" mi="0" ci="3" mb="0" cb="0"/><line nr="17" mi="0" ci="1" mb="0" cb="0"/><line nr="20" mi="0" ci="3" mb="0" cb="0"/><line nr="24" mi="0" ci="3" mb="0" cb="0"/><line nr="25" mi="0" ci="1" mb="0" cb="0"/><line nr="28" mi="0" ci="3" mb="0" cb="0"/><line nr="32" mi="0" ci="3" mb="0" cb="0"/><line nr="33" mi="0" ci="1" mb="0" cb="0"/><line nr="36" mi="0" ci="3" mb="0" cb="0"/><line nr="40" mi="0" ci="3" mb="0" cb="0"/><line nr="41" mi="0" ci="1" mb="0" cb="0"/><counter type="INSTRUCTION" missed="0" covered="31"/><counter type="LINE" missed="0" covered="13"/><counter type="COMPLEXITY" missed="0" covered="9"/><counter type="METHOD" missed="0" covered="9"/><counter type="CLASS" missed="0" covered="1"/></sourcefile><sourcefile name="TrimAddonDetails.java"><line nr="5" mi="0" ci="3" mb="0" cb="0"/><line nr="15" mi="0" ci="3" mb="0" cb="0"/><line nr="18" mi="0" ci="3" mb="0" cb="0"/><line nr="19" mi="0" ci="1" mb="0" cb="0"/><line nr="21" mi="0" ci="3" mb="0" cb="0"/><line nr="24" mi="0" ci="3" mb="0" cb="0"/><line nr="25" mi="0" ci="1" mb="0" cb="0"/><line nr="27" mi="0" ci="3" mb="0" cb="0"/><line nr="30" mi="0" ci="3" mb="0" cb="0"/><line nr="31" mi="0" ci="1" mb="0" cb="0"/><line nr="33" mi="0" ci="3" mb="0" cb="0"/><line nr="36" mi="0" ci="3" mb="0" cb="0"/><line nr="37" mi="0" ci="1" mb="0" cb="0"/><line nr="39" mi="0" ci="3" mb="0" cb="0"/><line nr="42" mi="0" ci="3" mb="0" cb="0"/><line nr="43" mi="0" ci="1" mb="0" cb="0"/><line nr="45" mi="0" ci="3" mb="0" cb="0"/><line nr="48" mi="0" ci="3" mb="0" cb="0"/><line nr="49" mi="0" ci="1" mb="0" cb="0"/><counter type="INSTRUCTION" missed="0" covered="45"/><counter type="LINE" missed="0" covered="19"/><counter type="COMPLEXITY" missed="0" covered="13"/><counter type="METHOD" missed="0" covered="13"/><counter type="CLASS" missed="0" covered="1"/></sourcefile><sourcefile name="OrderDetails.java"><line nr="3" mi="0" ci="3" mb="0" cb="0"/><line nr="26" mi="0" ci="3" mb="0" cb="0"/><line nr="29" mi="0" ci="3" mb="0" cb="0"/><line nr="30" mi="0" ci="1" mb="0" cb="0"/><line nr="32" mi="0" ci="3" mb="0" cb="0"/><line nr="35" mi="0" ci="3" mb="0" cb="0"/><line nr="36" mi="0" ci="1" mb="0" cb="0"/><line nr="38" mi="0" ci="3" mb="0" cb="0"/><line nr="41" mi="0" ci="3" mb="0" cb="0"/><line nr="42" mi="0" ci="1" mb="0" cb="0"/><line nr="44" mi="0" ci="3" mb="0" cb="0"/><line nr="47" mi="0" ci="3" mb="0" cb="0"/><line nr="48" mi="0" ci="1" mb="0" cb="0"/><line nr="51" mi="0" ci="3" mb="0" cb="0"/><line nr="54" mi="0" ci="3" mb="0" cb="0"/><line nr="55" mi="0" ci="1" mb="0" cb="0"/><line nr="57" mi="0" ci="3" mb="0" cb="0"/><line nr="60" mi="0" ci="3" mb="0" cb="0"/><line nr="61" mi="0" ci="1" mb="0" cb="0"/><line nr="63" mi="0" ci="3" mb="0" cb="0"/><line nr="66" mi="0" ci="3" mb="0" cb="0"/><line nr="67" mi="0" ci="1" mb="0" cb="0"/><line nr="70" mi="0" ci="3" mb="0" cb="0"/><line nr="73" mi="0" ci="3" mb="0" cb="0"/><line nr="74" mi="0" ci="1" mb="0" cb="0"/><line nr="76" mi="0" ci="3" mb="0" cb="0"/><line nr="79" mi="0" ci="3" mb="0" cb="0"/><line nr="80" mi="0" ci="1" mb="0" cb="0"/><line nr="83" mi="0" ci="3" mb="0" cb="0"/><line nr="86" mi="0" ci="3" mb="0" cb="0"/><line nr="87" mi="0" ci="1" mb="0" cb="0"/><line nr="89" mi="0" ci="3" mb="0" cb="0"/><line nr="92" mi="0" ci="3" mb="0" cb="0"/><line nr="93" mi="0" ci="1" mb="0" cb="0"/><line nr="96" mi="0" ci="3" mb="0" cb="0"/><line nr="99" mi="0" ci="3" mb="0" cb="0"/><line nr="100" mi="0" ci="1" mb="0" cb="0"/><line nr="102" mi="0" ci="3" mb="0" cb="0"/><line nr="105" mi="0" ci="3" mb="0" cb="0"/><line nr="106" mi="0" ci="1" mb="0" cb="0"/><line nr="108" mi="0" ci="3" mb="0" cb="0"/><line nr="111" mi="0" ci="3" mb="0" cb="0"/><line nr="112" mi="0" ci="1" mb="0" cb="0"/><line nr="114" mi="0" ci="3" mb="0" cb="0"/><line nr="117" mi="0" ci="3" mb="0" cb="0"/><line nr="118" mi="0" ci="1" mb="0" cb="0"/><line nr="120" mi="0" ci="3" mb="0" cb="0"/><line nr="123" mi="0" ci="3" mb="0" cb="0"/><line nr="124" mi="0" ci="1" mb="0" cb="0"/><line nr="126" mi="0" ci="3" mb="0" cb="0"/><line nr="129" mi="0" ci="3" mb="0" cb="0"/><line nr="130" mi="0" ci="1" mb="0" cb="0"/><line nr="132" mi="0" ci="3" mb="0" cb="0"/><line nr="135" mi="0" ci="3" mb="0" cb="0"/><line nr="136" mi="0" ci="1" mb="0" cb="0"/><counter type="INSTRUCTION" missed="0" covered="129"/><counter type="LINE" missed="0" covered="55"/><counter type="COMPLEXITY" missed="0" covered="37"/><counter type="METHOD" missed="0" covered="37"/><counter type="CLASS" missed="0" covered="1"/></sourcefile><counter type="INSTRUCTION" missed="0" covered="205"/><counter type="LINE" missed="0" covered="87"/><counter type="COMPLEXITY" missed="0" covered="59"/><counter type="METHOD" missed="0" covered="59"/><counter type="CLASS" missed="0" covered="3"/></package><package name="com/cc/practicaltest/contstant"><class name="com/cc/practicaltest/contstant/SQLConstant" sourcefilename="SQLConstant.java"><method name="&lt;clinit&gt;" desc="()V" line="5"><counter type="INSTRUCTION" missed="0" covered="6"/><counter type="LINE" missed="0" covered="1"/><counter type="COMPLEXITY" missed="0" covered="1"/><counter type="METHOD" missed="0" covered="1"/></method><counter type="INSTRUCTION" missed="0" covered="6"/><counter type="LINE" missed="0" covered="1"/><counter type="COMPLEXITY" missed="0" covered="1"/><counter type="METHOD" missed="0" covered="1"/><counter type="CLASS" missed="0" covered="1"/></class><sourcefile name="SQLConstant.java"><line nr="5" mi="0" ci="6" mb="0" cb="0"/><counter type="INSTRUCTION" missed="0" covered="6"/><counter type="LINE" missed="0" covered="1"/><counter type="COMPLEXITY" missed="0" covered="1"/><counter type="METHOD" missed="0" covered="1"/><counter type="CLASS" missed="0" covered="1"/></sourcefile><counter type="INSTRUCTION" missed="0" covered="6"/><counter type="LINE" missed="0" covered="1"/><counter type="COMPLEXITY" missed="0" covered="1"/><counter type="METHOD" missed="0" covered="1"/><counter type="CLASS" missed="0" covered="1"/></package><package name="com/cc/practicaltest/service"><class name="com/cc/practicaltest/service/OrderDetailsServiceImpl" sourcefilename="OrderDetailsServiceImpl.java"><method name="&lt;init&gt;" desc="()V" line="26"><counter type="INSTRUCTION" missed="0" covered="3"/><counter type="LINE" missed="0" covered="1"/><counter type="COMPLEXITY" missed="0" covered="1"/><counter type="METHOD" missed="0" covered="1"/></method><method name="findByorderId" desc="(J)Ljava/util/List;" line="35"><counter type="INSTRUCTION" missed="0" covered="14"/><counter type="LINE" missed="0" covered="4"/><counter type="COMPLEXITY" missed="0" covered="1"/><counter type="METHOD" missed="0" covered="1"/></method><method name="findBycustomerId" desc="(J)Lcom/cc/practicaltest/model/CutomerDetail;" line="47"><counter type="INSTRUCTION" missed="0" covered="5"/><counter type="LINE" missed="0" covered="1"/><counter type="COMPLEXITY" missed="0" covered="1"/><counter type="METHOD" missed="0" covered="1"/></method><method name="getTrimAddDetailmap" desc="()Ljava/util/Map;" line="53"><counter type="INSTRUCTION" missed="0" covered="13"/><counter type="LINE" missed="0" covered="4"/><counter type="COMPLEXITY" missed="0" covered="1"/><counter type="METHOD" missed="0" covered="1"/></method><method name="mapTrimDetails" desc="(Ljava/util/Map;Ljava/util/List;)V" line="62"><counter type="INSTRUCTION" missed="0" covered="15"/><counter type="BRANCH" missed="1" covered="3"/><counter type="LINE" missed="0" covered="5"/><counter type="COMPLEXITY" missed="1" covered="2"/><counter type="METHOD" missed="0" covered="1"/></method><method name="populateTrimDetails" desc="(Lcom/cc/practicaltest/model/OrderDetails;Lcom/cc/practicaltest/model/TrimAddonDetails;)V" line="83"><counter type="INSTRUCTION" missed="0" covered="17"/><counter type="LINE" missed="0" covered="5"/><counter type="COMPLEXITY" missed="0" covered="1"/><counter type="METHOD" missed="0" covered="1"/></method><method name="lambda$mapTrimDetails$0" desc="(Ljava/util/Map;Lcom/cc/practicaltest/model/OrderDetails;)V" line="67"><counter type="INSTRUCTION" missed="0" covered="38"/><counter type="BRANCH" missed="0" covered="2"/><counter type="LINE" missed="0" covered="10"/><counter type="COMPLEXITY" missed="0" covered="2"/><counter type="METHOD" missed="0" covered="1"/></method><counter type="INSTRUCTION" missed="0" covered="105"/><counter type="BRANCH" missed="1" covered="5"/><counter type="LINE" missed="0" covered="30"/><counter type="COMPLEXITY" missed="1" covered="9"/><counter type="METHOD" missed="0" covered="7"/><counter type="CLASS" missed="0" covered="1"/></class><class name="com/cc/practicaltest/service/OrderDetailsService" sourcefilename="OrderDetailsService.java"/><sourcefile name="OrderDetailsService.java"/><sourcefile name="OrderDetailsServiceImpl.java"><line nr="26" mi="0" ci="3" mb="0" cb="0"/><line nr="35" mi="0" ci="5" mb="0" cb="0"/><line nr="37" mi="0" ci="3" mb="0" cb="0"/><line nr="39" mi="0" ci="4" mb="0" cb="0"/><line nr="41" mi="0" ci="2" mb="0" cb="0"/><line nr="47" mi="0" ci="5" mb="0" cb="0"/><line nr="53" mi="0" ci="4" mb="0" cb="0"/><line nr="55" mi="0" ci="3" mb="0" cb="0"/><line nr="56" mi="0" ci="4" mb="0" cb="0"/><line nr="58" mi="0" ci="2" mb="0" cb="0"/><line nr="62" mi="0" ci="2" mb="0" cb="0"/><line nr="63" mi="0" ci="6" mb="1" cb="3"/><line nr="64" mi="0" ci="1" mb="0" cb="0"/><line nr="66" mi="0" ci="5" mb="0" cb="0"/><line nr="67" mi="0" ci="6" mb="0" cb="0"/><line nr="68" mi="0" ci="5" mb="0" cb="0"/><line nr="69" mi="0" ci="1" mb="0" cb="0"/><line nr="70" mi="0" ci="5" mb="0" cb="0"/><line nr="71" mi="0" ci="1" mb="0" cb="0"/><line nr="72" mi="0" ci="5" mb="0" cb="0"/><line nr="73" mi="0" ci="5" mb="0" cb="2"/><line nr="74" mi="0" ci="5" mb="0" cb="0"/><line nr="76" mi="0" ci="4" mb="0" cb="0"/><line nr="78" mi="0" ci="1" mb="0" cb="0"/><line nr="80" mi="0" ci="1" mb="0" cb="0"/><line nr="83" mi="0" ci="4" mb="0" cb="0"/><line nr="84" mi="0" ci="4" mb="0" cb="0"/><line nr="85" mi="0" ci="4" mb="0" cb="0"/><line nr="86" mi="0" ci="4" mb="0" cb="0"/><line nr="87" mi="0" ci="1" mb="0" cb="0"/><counter type="INSTRUCTION" missed="0" covered="105"/><counter type="BRANCH" missed="1" covered="5"/><counter type="LINE" missed="0" covered="30"/><counter type="COMPLEXITY" missed="1" covered="9"/><counter type="METHOD" missed="0" covered="7"/><counter type="CLASS" missed="0" covered="1"/></sourcefile><counter type="INSTRUCTION" missed="0" covered="105"/><counter type="BRANCH" missed="1" covered="5"/><counter type="LINE" missed="0" covered="30"/><counter type="COMPLEXITY" missed="1" covered="9"/><counter type="METHOD" missed="0" covered="7"/><counter type="CLASS" missed="0" covered="1"/></package><package name="com/cc/practicaltest/controller"><class name="com/cc/practicaltest/controller/ReteriveOrderDetailsController" sourcefilename="ReteriveOrderDetailsController.java"><method name="&lt;init&gt;" desc="()V" line="21"><counter type="INSTRUCTION" missed="0" covered="3"/><counter type="LINE" missed="0" covered="1"/><counter type="COMPLEXITY" missed="0" covered="1"/><counter type="METHOD" missed="0" covered="1"/></method><method name="getOrderDetails" desc="(J)Lorg/springframework/http/ResponseEntity;" line="29"><counter type="INSTRUCTION" missed="0" covered="74"/><counter type="BRANCH" missed="0" covered="4"/><counter type="LINE" missed="0" covered="15"/><counter type="COMPLEXITY" missed="0" covered="3"/><counter type="METHOD" missed="0" covered="1"/></method><method name="doHandle" desc="()Lorg/springframework/http/ResponseEntity;" line="56"><counter type="INSTRUCTION" missed="0" covered="8"/><counter type="LINE" missed="0" covered="2"/><counter type="COMPLEXITY" missed="0" covered="1"/><counter type="METHOD" missed="0" covered="1"/></method><method name="&lt;clinit&gt;" desc="()V" line="22"><counter type="INSTRUCTION" missed="0" covered="4"/><counter type="LINE" missed="0" covered="1"/><counter type="COMPLEXITY" missed="0" covered="1"/><counter type="METHOD" missed="0" covered="1"/></method><counter type="INSTRUCTION" missed="0" covered="89"/><counter type="BRANCH" missed="0" covered="4"/><counter type="LINE" missed="0" covered="19"/><counter type="COMPLEXITY" missed="0" covered="6"/><counter type="METHOD" missed="0" covered="4"/><counter type="CLASS" missed="0" covered="1"/></class><sourcefile name="ReteriveOrderDetailsController.java"><line nr="21" mi="0" ci="3" mb="0" cb="0"/><line nr="22" mi="0" ci="4" mb="0" cb="0"/><line nr="29" mi="0" ci="10" mb="0" cb="0"/><line nr="31" mi="0" ci="2" mb="0" cb="0"/><line nr="32" mi="0" ci="2" mb="0" cb="0"/><line nr="35" mi="0" ci="5" mb="0" cb="0"/><line nr="36" mi="0" ci="2" mb="0" cb="2"/><line nr="37" mi="0" ci="5" mb="0" cb="0"/><line nr="38" mi="0" ci="3" mb="0" cb="0"/><line nr="40" mi="0" ci="1" mb="0" cb="0"/><line nr="42" mi="0" ci="11" mb="0" cb="0"/><line nr="43" mi="0" ci="6" mb="0" cb="0"/><line nr="44" mi="0" ci="1" mb="0" cb="0"/><line nr="46" mi="0" ci="2" mb="0" cb="2"/><line nr="47" mi="0" ci="12" mb="0" cb="0"/><line nr="48" mi="0" ci="6" mb="0" cb="0"/><line nr="50" mi="0" ci="6" mb="0" cb="0"/><line nr="56" mi="0" ci="2" mb="0" cb="0"/><line nr="57" mi="0" ci="6" mb="0" cb="0"/><counter type="INSTRUCTION" missed="0" covered="89"/><counter type="BRANCH" missed="0" covered="4"/><counter type="LINE" missed="0" covered="19"/><counter type="COMPLEXITY" missed="0" covered="6"/><counter type="METHOD" missed="0" covered="4"/><counter type="CLASS" missed="0" covered="1"/></sourcefile><counter type="INSTRUCTION" missed="0" covered="89"/><counter type="BRANCH" missed="0" covered="4"/><counter type="LINE" missed="0" covered="19"/><counter type="COMPLEXITY" missed="0" covered="6"/><counter type="METHOD" missed="0" covered="4"/><counter type="CLASS" missed="0" covered="1"/></package><package name="com/cc/practicaltest/dao"><class name="com/cc/practicaltest/dao/Orderdetaildao" sourcefilename="Orderdetaildao.java"/><class name="com/cc/practicaltest/dao/OrderdetaildaoImpl$1" sourcefilename="OrderdetaildaoImpl.java"><method name="&lt;init&gt;" desc="(Lcom/cc/practicaltest/dao/OrderdetaildaoImpl;J)V" line="62"><counter type="INSTRUCTION" missed="0" covered="9"/><counter type="LINE" missed="0" covered="1"/><counter type="COMPLEXITY" missed="0" covered="1"/><counter type="METHOD" missed="0" covered="1"/></method><method name="setValues" desc="(Ljava/sql/PreparedStatement;)V" line="64"><counter type="INSTRUCTION" missed="0" covered="6"/><counter type="LINE" missed="0" covered="2"/><counter type="COMPLEXITY" missed="0" covered="1"/><counter type="METHOD" missed="0" covered="1"/></method><counter type="INSTRUCTION" missed="0" covered="15"/><counter type="LINE" missed="0" covered="3"/><counter type="COMPLEXITY" missed="0" covered="2"/><counter type="METHOD" missed="0" covered="2"/><counter type="CLASS" missed="0" covered="1"/></class><class name="com/cc/practicaltest/dao/OrderdetaildaoImpl" sourcefilename="OrderdetaildaoImpl.java"><method name="&lt;init&gt;" desc="(Ljavax/sql/DataSource;)V" line="26"><counter type="INSTRUCTION" missed="0" covered="6"/><counter type="LINE" missed="0" covered="3"/><counter type="COMPLEXITY" missed="0" covered="1"/><counter type="METHOD" missed="0" covered="1"/></method><method name="getCustomerDetails" desc="(J)Lcom/cc/practicaltest/model/CutomerDetail;" line="32"><counter type="INSTRUCTION" missed="0" covered="27"/><counter type="BRANCH" missed="1" covered="1"/><counter type="LINE" missed="0" covered="7"/><counter type="COMPLEXITY" missed="1" covered="1"/><counter type="METHOD" missed="0" covered="1"/></method><method name="rowmapperCustomerDetails" desc="()Lorg/springframework/jdbc/core/RowMapper;" line="44"><counter type="INSTRUCTION" missed="0" covered="4"/><counter type="LINE" missed="0" covered="2"/><counter type="COMPLEXITY" missed="0" covered="1"/><counter type="METHOD" missed="0" covered="1"/></method><method name="getOrderDetails" desc="(J)Ljava/util/List;" line="57"><counter type="INSTRUCTION" missed="0" covered="29"/><counter type="BRANCH" missed="1" covered="1"/><counter type="LINE" missed="0" covered="8"/><counter type="COMPLEXITY" missed="1" covered="1"/><counter type="METHOD" missed="0" covered="1"/></method><method name="getTrimAddDetail" desc="()Ljava/util/List;" line="79"><counter type="INSTRUCTION" missed="0" covered="21"/><counter type="BRANCH" missed="1" covered="1"/><counter type="LINE" missed="0" covered="7"/><counter type="COMPLEXITY" missed="1" covered="1"/><counter type="METHOD" missed="0" covered="1"/></method><method name="rowmapperOrderDetails" desc="()Lorg/springframework/jdbc/core/RowMapper;" line="93"><counter type="INSTRUCTION" missed="0" covered="4"/><counter type="LINE" missed="0" covered="2"/><counter type="COMPLEXITY" missed="0" covered="1"/><counter type="METHOD" missed="0" covered="1"/></method><method name="rowmapperTrimDetails" desc="()Lorg/springframework/jdbc/core/RowMapper;" line="116"><counter type="INSTRUCTION" missed="0" covered="4"/><counter type="LINE" missed="0" covered="2"/><counter type="COMPLEXITY" missed="0" covered="1"/><counter type="METHOD" missed="0" covered="1"/></method><method name="lambda$rowmapperTrimDetails$2" desc="(Ljava/sql/ResultSet;I)Lcom/cc/practicaltest/model/TrimAddonDetails;" line="117"><counter type="INSTRUCTION" missed="0" covered="36"/><counter type="LINE" missed="0" covered="8"/><counter type="COMPLEXITY" missed="0" covered="1"/><counter type="METHOD" missed="0" covered="1"/></method><method name="lambda$rowmapperOrderDetails$1" desc="(Ljava/sql/ResultSet;I)Lcom/cc/practicaltest/model/OrderDetails;" line="94"><counter type="INSTRUCTION" missed="0" covered="76"/><counter type="LINE" missed="0" covered="16"/><counter type="COMPLEXITY" missed="0" covered="1"/><counter type="METHOD" missed="0" covered="1"/></method><method name="lambda$rowmapperCustomerDetails$0" desc="(Ljava/sql/ResultSet;I)Lcom/cc/practicaltest/model/CutomerDetail;" line="45"><counter type="INSTRUCTION" missed="0" covered="21"/><counter type="LINE" missed="0" covered="5"/><counter type="COMPLEXITY" missed="0" covered="1"/><counter type="METHOD" missed="0" covered="1"/></method><counter type="INSTRUCTION" missed="0" covered="228"/><counter type="BRANCH" missed="3" covered="3"/><counter type="LINE" missed="0" covered="60"/><counter type="COMPLEXITY" missed="3" covered="10"/><counter type="METHOD" missed="0" covered="10"/><counter type="CLASS" missed="0" covered="1"/></class><sourcefile name="Orderdetaildao.java"/><sourcefile name="OrderdetaildaoImpl.java"><line nr="26" mi="0" ci="2" mb="0" cb="0"/><line nr="27" mi="0" ci="3" mb="0" cb="0"/><line nr="28" mi="0" ci="1" mb="0" cb="0"/><line nr="32" mi="0" ci="2" mb="0" cb="0"/><line nr="33" mi="0" ci="2" mb="0" cb="0"/><line nr="34" mi="0" ci="3" mb="0" cb="0"/><line nr="35" mi="0" ci="3" mb="0" cb="0"/><line nr="36" mi="0" ci="2" mb="1" cb="1"/><line nr="37" mi="0" ci="13" mb="0" cb="0"/><line nr="39" mi="0" ci="2" mb="0" cb="0"/><line nr="44" mi="0" ci="2" mb="0" cb="0"/><line nr="45" mi="0" ci="4" mb="0" cb="0"/><line nr="46" mi="0" ci="5" mb="0" cb="0"/><line nr="47" mi="0" ci="5" mb="0" cb="0"/><line nr="48" mi="0" ci="5" mb="0" cb="0"/><line nr="49" mi="0" ci="2" mb="0" cb="0"/><line nr="51" mi="0" ci="2" mb="0" cb="0"/><line nr="57" mi="0" ci="3" mb="0" cb="0"/><line nr="58" mi="0" ci="4" mb="0" cb="0"/><line nr="60" mi="0" ci="3" mb="0" cb="0"/><line nr="62" mi="0" ci="15" mb="0" cb="0"/><line nr="64" mi="0" ci="5" mb="0" cb="0"/><line nr="65" mi="0" ci="1" mb="0" cb="0"/><line nr="68" mi="0" ci="3" mb="0" cb="0"/><line nr="69" mi="0" ci="2" mb="1" cb="1"/><line nr="70" mi="0" ci="6" mb="0" cb="0"/><line nr="72" mi="0" ci="2" mb="0" cb="0"/><line nr="79" mi="0" ci="4" mb="0" cb="0"/><line nr="80" mi="0" ci="2" mb="0" cb="0"/><line nr="81" mi="0" ci="3" mb="0" cb="0"/><line nr="82" mi="0" ci="3" mb="0" cb="0"/><line nr="83" mi="0" ci="2" mb="1" cb="1"/><line nr="84" mi="0" ci="5" mb="0" cb="0"/><line nr="87" mi="0" ci="2" mb="0" cb="0"/><line nr="93" mi="0" ci="2" mb="0" cb="0"/><line nr="94" mi="0" ci="4" mb="0" cb="0"/><line nr="95" mi="0" ci="5" mb="0" cb="0"/><line nr="96" mi="0" ci="5" mb="0" cb="0"/><line nr="97" mi="0" ci="5" mb="0" cb="0"/><line nr="98" mi="0" ci="5" mb="0" cb="0"/><line nr="99" mi="0" ci="5" mb="0" cb="0"/><line nr="100" mi="0" ci="5" mb="0" cb="0"/><line nr="101" mi="0" ci="5" mb="0" cb="0"/><line nr="102" mi="0" ci="5" mb="0" cb="0"/><line nr="103" mi="0" ci="5" mb="0" cb="0"/><line nr="104" mi="0" ci="5" mb="0" cb="0"/><line nr="105" mi="0" ci="5" mb="0" cb="0"/><line nr="106" mi="0" ci="5" mb="0" cb="0"/><line nr="107" mi="0" ci="5" mb="0" cb="0"/><line nr="108" mi="0" ci="5" mb="0" cb="0"/><line nr="109" mi="0" ci="2" mb="0" cb="0"/><line nr="111" mi="0" ci="2" mb="0" cb="0"/><line nr="116" mi="0" ci="2" mb="0" cb="0"/><line nr="117" mi="0" ci="4" mb="0" cb="0"/><line nr="118" mi="0" ci="5" mb="0" cb="0"/><line nr="119" mi="0" ci="5" mb="0" cb="0"/><line nr="120" mi="0" ci="5" mb="0" cb="0"/><line nr="121" mi="0" ci="5" mb="0" cb="0"/><line nr="122" mi="0" ci="5" mb="0" cb="0"/><line nr="123" mi="0" ci="5" mb="0" cb="0"/><line nr="124" mi="0" ci="2" mb="0" cb="0"/><line nr="127" mi="0" ci="2" mb="0" cb="0"/><counter type="INSTRUCTION" missed="0" covered="243"/><counter type="BRANCH" missed="3" covered="3"/><counter type="LINE" missed="0" covered="62"/><counter type="COMPLEXITY" missed="3" covered="12"/><counter type="METHOD" missed="0" covered="12"/><counter type="CLASS" missed="0" covered="2"/></sourcefile><counter type="INSTRUCTION" missed="0" covered="243"/><counter type="BRANCH" missed="3" covered="3"/><counter type="LINE" missed="0" covered="62"/><counter type="COMPLEXITY" missed="3" covered="12"/><counter type="METHOD" missed="0" covered="12"/><counter type="CLASS" missed="0" covered="2"/></package><package name="com/cc/practicaltest/config"><class name="com/cc/practicaltest/config/AppConfig" sourcefilename="AppConfig.java"><method name="&lt;init&gt;" desc="()V" line="19"><counter type="INSTRUCTION" missed="0" covered="3"/><counter type="LINE" missed="0" covered="1"/><counter type="COMPLEXITY" missed="0" covered="1"/><counter type="METHOD" missed="0" covered="1"/></method><method name="dataSource" desc="()Ljavax/sql/DataSource;" line="27"><counter type="INSTRUCTION" missed="0" covered="18"/><counter type="LINE" missed="0" covered="6"/><counter type="COMPLEXITY" missed="0" covered="1"/><counter type="METHOD" missed="0" covered="1"/></method><method name="transactionManager" desc="(Ljavax/sql/DataSource;)Lorg/springframework/transaction/PlatformTransactionManager;" line="37"><counter type="INSTRUCTION" missed="0" covered="5"/><counter type="LINE" missed="0" covered="1"/><counter type="COMPLEXITY" missed="0" covered="1"/><counter type="METHOD" missed="0" covered="1"/></method><counter type="INSTRUCTION" missed="0" covered="26"/><counter type="LINE" missed="0" covered="8"/><counter type="COMPLEXITY" missed="0" covered="3"/><counter type="METHOD" missed="0" covered="3"/><counter type="CLASS" missed="0" covered="1"/></class><class name="com/cc/practicaltest/config/MvcWebApplicationInitializer" sourcefilename="MvcWebApplicationInitializer.java"><method name="&lt;init&gt;" desc="()V" line="5"><counter type="INSTRUCTION" missed="0" covered="3"/><counter type="LINE" missed="0" covered="1"/><counter type="COMPLEXITY" missed="0" covered="1"/><counter type="METHOD" missed="0" covered="1"/></method><method name="getRootConfigClasses" desc="()[Ljava/lang/Class;" line="8"><counter type="INSTRUCTION" missed="7" covered="0"/><counter type="LINE" missed="1" covered="0"/><counter type="COMPLEXITY" missed="1" covered="0"/><counter type="METHOD" missed="1" covered="0"/></method><method name="getServletConfigClasses" desc="()[Ljava/lang/Class;" line="13"><counter type="INSTRUCTION" missed="2" covered="0"/><counter type="LINE" missed="1" covered="0"/><counter type="COMPLEXITY" missed="1" covered="0"/><counter type="METHOD" missed="1" covered="0"/></method><method name="getServletMappings" desc="()[Ljava/lang/String;" line="18"><counter type="INSTRUCTION" missed="7" covered="0"/><counter type="LINE" missed="1" covered="0"/><counter type="COMPLEXITY" missed="1" covered="0"/><counter type="METHOD" missed="1" covered="0"/></method><counter type="INSTRUCTION" missed="16" covered="3"/><counter type="LINE" missed="3" covered="1"/><counter type="COMPLEXITY" missed="3" covered="1"/><counter type="METHOD" missed="3" covered="1"/><counter type="CLASS" missed="0" covered="1"/></class><sourcefile name="MvcWebApplicationInitializer.java"><line nr="5" mi="0" ci="3" mb="0" cb="0"/><line nr="8" mi="7" ci="0" mb="0" cb="0"/><line nr="13" mi="2" ci="0" mb="0" cb="0"/><line nr="18" mi="7" ci="0" mb="0" cb="0"/><counter type="INSTRUCTION" missed="16" covered="3"/><counter type="LINE" missed="3" covered="1"/><counter type="COMPLEXITY" missed="3" covered="1"/><counter type="METHOD" missed="3" covered="1"/><counter type="CLASS" missed="0" covered="1"/></sourcefile><sourcefile name="AppConfig.java"><line nr="19" mi="0" ci="3" mb="0" cb="0"/><line nr="27" mi="0" ci="4" mb="0" cb="0"/><line nr="28" mi="0" ci="3" mb="0" cb="0"/><line nr="29" mi="0" ci="3" mb="0" cb="0"/><line nr="30" mi="0" ci="3" mb="0" cb="0"/><line nr="31" mi="0" ci="3" mb="0" cb="0"/><line nr="32" mi="0" ci="2" mb="0" cb="0"/><line nr="37" mi="0" ci="5" mb="0" cb="0"/><counter type="INSTRUCTION" missed="0" covered="26"/><counter type="LINE" missed="0" covered="8"/><counter type="COMPLEXITY" missed="0" covered="3"/><counter type="METHOD" missed="0" covered="3"/><counter type="CLASS" missed="0" covered="1"/></sourcefile><counter type="INSTRUCTION" missed="16" covered="29"/><counter type="LINE" missed="3" covered="9"/><counter type="COMPLEXITY" missed="3" covered="4"/><counter type="METHOD" missed="3" covered="4"/><counter type="CLASS" missed="0" covered="2"/></package><counter type="INSTRUCTION" missed="16" covered="677"/><counter type="BRANCH" missed="4" covered="12"/><counter type="LINE" missed="3" covered="208"/><counter type="COMPLEXITY" missed="7" covered="91"/><counter type="METHOD" missed="3" covered="87"/><counter type="CLASS" missed="0" covered="10"/></report>